<?xml version="1.0" encoding="UTF-8"?>
<!-- Generated by org.testng.reporters.JUnitXMLReporter -->
<testsuite ignored="10" hostname="Rubaiyats-MacBook-Air.local" failures="1" tests="1" name="Default test(failed)" time="2.864" errors="0" timestamp="2023-09-23T14:55:46 BDT">
  <testcase classname="Selenium.wpDarkModeAuto" name="checkFrontend" time="0.64">
    <failure type="org.openqa.selenium.NoSuchElementException" message="no such element: Unable to locate element: {&amp;quot;method&amp;quot;:&amp;quot;xpath&amp;quot;,&amp;quot;selector&amp;quot;:&amp;quot;/html/body/div[3]/label&amp;quot;}
  (Session info: MicrosoftEdge=117.0.2045.40)
For documentation on this error, please visit: https://www.selenium.dev/documentation/webdriver/troubleshooting/errors#no-such-element-exception
Build info: version: &amp;apos;4.10.0&amp;apos;, revision: &amp;apos;c14d967899&amp;apos;
System info: os.name: &amp;apos;Mac OS X&amp;apos;, os.arch: &amp;apos;aarch64&amp;apos;, os.version: &amp;apos;13.6&amp;apos;, java.version: &amp;apos;20.0.2&amp;apos;
Driver info: org.openqa.selenium.edge.EdgeDriver
Command: [a15d6cc8411eae4555d87ff4f8e848aa, findElement {using=xpath, value=/html/body/div[3]/label}]
Capabilities {acceptInsecureCerts: false, browserName: msedge, browserVersion: 117.0.2045.40, fedcm:accounts: true, ms:edgeOptions: {debuggerAddress: localhost:52349}, msedge: {msedgedriverVersion: 117.0.2045.40 (1a64d4a93998..., userDataDir: /var/folders/br/00m6ssf171d...}, networkConnectionEnabled: false, pageLoadStrategy: normal, platformName: mac, proxy: Proxy(), se:cdp: ws://localhost:52349/devtoo..., se:cdpVersion: 117.0.2045.40, setWindowRect: true, strictFileInteractability: false, timeouts: {implicit: 0, pageLoad: 300000, script: 30000}, unhandledPromptBehavior: dismiss and notify, webauthn:extension:credBlob: true, webauthn:extension:largeBlob: true, webauthn:extension:minPinLength: true, webauthn:extension:prf: true, webauthn:virtualAuthenticators: true}
Session ID: a15d6cc8411eae4555d87ff4f8e848aa">
      <![CDATA[org.openqa.selenium.NoSuchElementException: no such element: Unable to locate element: {"method":"xpath","selector":"/html/body/div[3]/label"}
  (Session info: MicrosoftEdge=117.0.2045.40)
For documentation on this error, please visit: https://www.selenium.dev/documentation/webdriver/troubleshooting/errors#no-such-element-exception
Build info: version: '4.10.0', revision: 'c14d967899'
System info: os.name: 'Mac OS X', os.arch: 'aarch64', os.version: '13.6', java.version: '20.0.2'
Driver info: org.openqa.selenium.edge.EdgeDriver
Command: [a15d6cc8411eae4555d87ff4f8e848aa, findElement {using=xpath, value=/html/body/div[3]/label}]
Capabilities {acceptInsecureCerts: false, browserName: msedge, browserVersion: 117.0.2045.40, fedcm:accounts: true, ms:edgeOptions: {debuggerAddress: localhost:52349}, msedge: {msedgedriverVersion: 117.0.2045.40 (1a64d4a93998..., userDataDir: /var/folders/br/00m6ssf171d...}, networkConnectionEnabled: false, pageLoadStrategy: normal, platformName: mac, proxy: Proxy(), se:cdp: ws://localhost:52349/devtoo..., se:cdpVersion: 117.0.2045.40, setWindowRect: true, strictFileInteractability: false, timeouts: {implicit: 0, pageLoad: 300000, script: 30000}, unhandledPromptBehavior: dismiss and notify, webauthn:extension:credBlob: true, webauthn:extension:largeBlob: true, webauthn:extension:minPinLength: true, webauthn:extension:prf: true, webauthn:virtualAuthenticators: true}
Session ID: a15d6cc8411eae4555d87ff4f8e848aa
at org.openqa.selenium.remote.codec.w3c.W3CHttpResponseCodec.createException(W3CHttpResponseCodec.java:199)
at org.openqa.selenium.remote.codec.w3c.W3CHttpResponseCodec.decode(W3CHttpResponseCodec.java:132)
at org.openqa.selenium.remote.codec.w3c.W3CHttpResponseCodec.decode(W3CHttpResponseCodec.java:51)
at org.openqa.selenium.remote.HttpCommandExecutor.execute(HttpCommandExecutor.java:191)
at org.openqa.selenium.remote.service.DriverCommandExecutor.invokeExecute(DriverCommandExecutor.java:196)
at org.openqa.selenium.remote.service.DriverCommandExecutor.execute(DriverCommandExecutor.java:171)
at org.openqa.selenium.remote.RemoteWebDriver.execute(RemoteWebDriver.java:531)
at org.openqa.selenium.remote.ElementLocation$ElementFinder$2.findElement(ElementLocation.java:165)
at org.openqa.selenium.remote.ElementLocation.findElement(ElementLocation.java:59)
at org.openqa.selenium.remote.RemoteWebDriver.findElement(RemoteWebDriver.java:350)
at org.openqa.selenium.remote.RemoteWebDriver.findElement(RemoteWebDriver.java:344)
at Selenium.wpDarkModeAuto.checkFrontend(wpDarkModeAuto.java:140)
at java.base/java.util.ArrayList.forEach(ArrayList.java:1511)
... Removed 28 stack frames]]>
    </failure>
  </testcase> <!-- checkFrontend -->
  <testcase classname="Selenium.wpDarkModeAuto" name="checkDarkMode" time="0.0">
    <ignored/>
  </testcase> <!-- checkDarkMode -->
  <testcase classname="Selenium.wpDarkModeAuto" name="enableBackendDarkMode" time="0.0">
    <ignored/>
  </testcase> <!-- enableBackendDarkMode -->
  <testcase classname="Selenium.wpDarkModeAuto" name="floatingSwitchSize" time="0.0">
    <ignored/>
  </testcase> <!-- floatingSwitchSize -->
  <testcase classname="Selenium.wpDarkModeAuto" name="urlCheck" time="0.0">
    <ignored/>
  </testcase> <!-- urlCheck -->
  <testcase classname="Selenium.wpDarkModeAuto" name="switchPosition" time="0.0">
    <ignored/>
  </testcase> <!-- switchPosition -->
  <testcase classname="Selenium.wpDarkModeAuto" name="disableKeyboardShortcut" time="0.0">
    <ignored/>
  </testcase> <!-- disableKeyboardShortcut -->
  <testcase classname="Selenium.wpDarkModeAuto" name="floatingSwitchStyle" time="0.0">
    <ignored/>
  </testcase> <!-- floatingSwitchStyle -->
  <testcase classname="Selenium.wpDarkModeAuto" name="toggleDarkmodeAnimation" time="0.0">
    <ignored/>
  </testcase> <!-- toggleDarkmodeAnimation -->
  <testcase classname="Selenium.wpDarkModeAuto" name="loggingIn" time="0.0">
    <ignored/>
  </testcase> <!-- loggingIn -->
  <testcase classname="Selenium.wpDarkModeAuto" name="activateWpDarkMode" time="0.0">
    <ignored/>
  </testcase> <!-- activateWpDarkMode -->
</testsuite> <!-- Default test(failed) -->
